<?xml version="1.0" encoding="UTF-8"?>
<testsuite xmlns:xsi="http://www.w3.org/2001/XMLSchema-instance" xsi:noNamespaceSchemaLocation="https://maven.apache.org/surefire/maven-surefire-plugin/xsd/surefire-test-report-3.0.xsd" version="3.0" name="com.example.AppTest" time="0.042" tests="1" errors="0" skipped="0" failures="0">
  <properties>
[...]
</properties>
  <testcase name="testMinotaurPanWinCondition" classname="com.example.AppTest" time="0.019">
    <system-out><![CDATA[godcard: com.santorini.Pan@51efea79
Minotaur applyMove

com.santorini.Worker@62ee68d8 Moved to(2, 2), height = 0
Builded Block to: Block(x=2 y=3, height=1, hasDome=false)


com.santorini.Worker@47c62251 Moved to(2, 3), height = 1
Builded Block to: Block(x=1 y=3, height=1, hasDome=false)

Cannot Make this Move!
Builded Block to: Block(x=1 y=3, height=2, hasDome=false)


com.santorini.Worker@47c62251 Moved to(1, 3), height = 2
Builded Block to: Block(x=1 y=4, height=1, hasDome=false)

Cannot Make this Move!
Invalid Build: Cannot build on (0, 3)

com.santorini.Worker@47c62251 Moved to(0, 4), height = 0
PlayerB wins!
]]></system-out>
  </testcase>
</testsuite>